<?xml version="1.0" encoding="UTF-8"?>
<!-- Generated by org.testng.reporters.JUnitReportReporter -->
<testsuite hostname="LTIN517525" failures="0" tests="22" name="TestCases.TC003_ForEnterprise" time="50.855" errors="0" timestamp="2024-03-11T19:20:13 IST" skipped="0">
  <testcase classname="TestCases.TC003_ForEnterprise" name="homepage" time="6.288"/>
  <system-out/>
  <testcase classname="TestCases.TC003_ForEnterprise" name="homepage" time="7.528"/>
  <system-out/>
  <testcase classname="TestCases.TC003_ForEnterprise" name="clickEnterprise" time="5.986"/>
  <system-out/>
  <testcase classname="TestCases.TC003_ForEnterprise" name="clickEnterprise" time="6.402"/>
  <system-out/>
  <testcase classname="TestCases.TC003_ForEnterprise" name="clickCoursera" time="5.883"/>
  <system-out/>
  <testcase classname="TestCases.TC003_ForEnterprise" name="clickCoursera" time="5.831"/>
  <system-out/>
  <testcase classname="TestCases.TC003_ForEnterprise" name="scrollToForm" time="0.047"/>
  <system-out/>
  <testcase classname="TestCases.TC003_ForEnterprise" name="scrollToForm" time="0.034"/>
  <system-out/>
  <testcase classname="TestCases.TC003_ForEnterprise" name="fillName" time="0.628"/>
  <system-out/>
  <testcase classname="TestCases.TC003_ForEnterprise" name="fillName" time="0.439"/>
  <system-out/>
  <testcase classname="TestCases.TC003_ForEnterprise" name="personalDetails" time="0.323"/>
  <system-out/>
  <testcase classname="TestCases.TC003_ForEnterprise" name="personalDetails" time="0.507"/>
  <system-out/>
  <testcase classname="TestCases.TC003_ForEnterprise" name="institution" time="0.778"/>
  <system-out/>
  <testcase classname="TestCases.TC003_ForEnterprise" name="institution" time="0.724"/>
  <system-out/>
  <testcase classname="TestCases.TC003_ForEnterprise" name="jobDetails" time="1.091"/>
  <system-out/>
  <testcase classname="TestCases.TC003_ForEnterprise" name="jobDetails" time="1.048"/>
  <system-out/>
  <testcase classname="TestCases.TC003_ForEnterprise" name="countryDetails" time="0.361"/>
  <system-out/>
  <testcase classname="TestCases.TC003_ForEnterprise" name="countryDetails" time="0.478"/>
  <system-out/>
  <testcase classname="TestCases.TC003_ForEnterprise" name="submitButton" time="3.072"/>
  <system-out/>
  <testcase classname="TestCases.TC003_ForEnterprise" name="submitButton" time="3.138"/>
  <system-out/>
  <testcase classname="TestCases.TC003_ForEnterprise" name="errorMessage" time="0.136"/>
  <system-out/>
  <testcase classname="TestCases.TC003_ForEnterprise" name="errorMessage" time="0.133"/>
  <system-out/>
</testsuite> <!-- TestCases.TC003_ForEnterprise -->
