<?xml version="1.0" encoding="UTF-8"?>
<!-- Generated by org.testng.reporters.JUnitReportReporter -->
<testsuite hostname="LTIN517525" failures="0" tests="6" name="TestCases.TC001_IdentifyCourses" time="48.212" errors="0" timestamp="2024-03-11T19:20:13 IST" skipped="0">
  <testcase classname="TestCases.TC001_IdentifyCourses" name="verifyInputBox" time="4.639"/>
  <system-out/>
  <testcase classname="TestCases.TC001_IdentifyCourses" name="verifyInputBox" time="9.265"/>
  <system-out/>
  <testcase classname="TestCases.TC001_IdentifyCourses" name="VerifySelection" time="3.299"/>
  <system-out/>
  <testcase classname="TestCases.TC001_IdentifyCourses" name="VerifySelection" time="3.493"/>
  <system-out/>
  <testcase classname="TestCases.TC001_IdentifyCourses" name="verifyCourse" time="12.346"/>
  <system-out/>
  <testcase classname="TestCases.TC001_IdentifyCourses" name="verifyCourse" time="15.170"/>
  <system-out/>
</testsuite> <!-- TestCases.TC001_IdentifyCourses -->
