<?xml version="1.0" encoding="UTF-8"?>
<!-- Generated by org.testng.reporters.JUnitReportReporter -->
<testsuite hostname="LTIN517525" failures="0" tests="8" name="TestCases.TC002_LanguageLearning" time="126.099" errors="0" timestamp="2024-03-11T19:20:13 IST" skipped="0">
  <testcase classname="TestCases.TC002_LanguageLearning" name="keyActions" time="3.915"/>
  <system-out/>
  <testcase classname="TestCases.TC002_LanguageLearning" name="keyActions" time="3.993"/>
  <system-out/>
  <testcase classname="TestCases.TC002_LanguageLearning" name="getLanguages" time="50.394"/>
  <system-out/>
  <testcase classname="TestCases.TC002_LanguageLearning" name="getLanguages" time="50.160"/>
  <system-out/>
  <testcase classname="TestCases.TC002_LanguageLearning" name="closeButton" time="0.155"/>
  <system-out/>
  <testcase classname="TestCases.TC002_LanguageLearning" name="closeButton" time="0.126"/>
  <system-out/>
  <testcase classname="TestCases.TC002_LanguageLearning" name="getLevel" time="8.712"/>
  <system-out/>
  <testcase classname="TestCases.TC002_LanguageLearning" name="getLevel" time="8.644"/>
  <system-out/>
</testsuite> <!-- TestCases.TC002_LanguageLearning -->
