<?xml version="1.0" encoding="UTF-8"?>
<!-- Generated by org.testng.reporters.JUnitReportReporter -->
<testsuite hostname="LTIN517525" failures="0" tests="4" name="TestCases.TC002_LanguageLearning" time="89.890" errors="0" timestamp="2024-03-05T10:09:47 IST" skipped="0">
  <testcase classname="TestCases.TC002_LanguageLearning" name="keyActions" time="29.839"/>
  <system-out/>
  <testcase classname="TestCases.TC002_LanguageLearning" name="getLanguages" time="51.212"/>
  <system-out/>
  <testcase classname="TestCases.TC002_LanguageLearning" name="closeButton" time="0.164"/>
  <system-out/>
  <testcase classname="TestCases.TC002_LanguageLearning" name="getLevel" time="8.675"/>
  <system-out/>
</testsuite> <!-- TestCases.TC002_LanguageLearning -->
