<?xml version="1.0" encoding="UTF-8"?>
<!-- Generated by org.testng.reporters.JUnitReportReporter -->
<testsuite hostname="LTIN517525" failures="0" tests="11" name="TestCases.TC003_ForEnterprise" time="64.530" errors="0" timestamp="2024-03-05T10:09:47 IST" skipped="0">
  <testcase classname="TestCases.TC003_ForEnterprise" name="homepage" time="27.032"/>
  <system-out/>
  <testcase classname="TestCases.TC003_ForEnterprise" name="clickEnterprise" time="26.846"/>
  <system-out/>
  <testcase classname="TestCases.TC003_ForEnterprise" name="clickCoursera" time="3.390"/>
  <system-out/>
  <testcase classname="TestCases.TC003_ForEnterprise" name="scrollToForm" time="0.058"/>
  <system-out/>
  <testcase classname="TestCases.TC003_ForEnterprise" name="fillName" time="0.917"/>
  <system-out/>
  <testcase classname="TestCases.TC003_ForEnterprise" name="personalDetails" time="0.570"/>
  <system-out/>
  <testcase classname="TestCases.TC003_ForEnterprise" name="institution" time="0.820"/>
  <system-out/>
  <testcase classname="TestCases.TC003_ForEnterprise" name="jobDetails" time="1.030"/>
  <system-out/>
  <testcase classname="TestCases.TC003_ForEnterprise" name="countryDetails" time="0.491"/>
  <system-out/>
  <testcase classname="TestCases.TC003_ForEnterprise" name="submitButton" time="3.138"/>
  <system-out/>
  <testcase classname="TestCases.TC003_ForEnterprise" name="errorMessage" time="0.238"/>
  <system-out/>
</testsuite> <!-- TestCases.TC003_ForEnterprise -->
